#
# There is insufficient memory for the Java Runtime Environment to continue.
# Native memory allocation (malloc) failed to allocate 1048576 bytes for AllocateHeap
# Possible reasons:
#   The system is out of physical RAM or swap space
#   The process is running with CompressedOops enabled, and the Java Heap may be blocking the growth of the native heap
# Possible solutions:
#   Reduce memory load on the system
#   Increase physical memory or swap space
#   Check if swap backing store is full
#   Decrease Java heap size (-Xmx/-Xms)
#   Decrease number of Java threads
#   Decrease Java thread stack sizes (-Xss)
#   Set larger code cache with -XX:ReservedCodeCacheSize=
#   JVM is running with Zero Based Compressed Oops mode in which the Java heap is
#     placed in the first 32GB address space. The Java Heap base address is the
#     maximum limit for the native heap growth. Please use -XX:HeapBaseMinAddress
#     to set the Java Heap base and to place the Java Heap above 32GB virtual address.
# This output file may be truncated or incomplete.
#
#  Out of Memory Error (memory/allocation.inline.hpp:61), pid=17248, tid=0x00000000000040b4
#
# JRE version:  (8.0_251-b08) (build )
# Java VM: Java HotSpot(TM) 64-Bit Server VM (25.251-b08 mixed mode windows-amd64 compressed oops)
# Failed to write core dump. Minidumps are not enabled by default on client versions of Windows
#

---------------  T H R E A D  ---------------

Current thread (0x0000000002fa2800):  JavaThread "Unknown thread" [_thread_in_vm, id=16564, stack(0x0000000002ea0000,0x0000000002fa0000)]

Stack: [0x0000000002ea0000,0x0000000002fa0000]
[error occurred during error reporting (printing stack bounds), id 0xc0000005]

Native frames: (J=compiled Java code, j=interpreted, Vv=VM code, C=native code)


---------------  P R O C E S S  ---------------

Java Threads: ( => current thread )

Other Threads:

=>0x0000000002fa2800 (exited) JavaThread "Unknown thread" [_thread_in_vm, id=16564, stack(0x0000000002ea0000,0x0000000002fa0000)]

VM state:not at safepoint (normal execution)

VM Mutex/Monitor currently owned by a thread: None

heap address: 0x00000006c2800000, size: 4056 MB, Compressed Oops mode: Zero based, Oop shift amount: 3
Narrow klass base: 0x0000000000000000, Narrow klass shift: 3
Compressed class space size: 1073741824 Address: 0x00000007c0000000

Heap:
 PSYoungGen      total 75776K, used 1300K [0x000000076b800000, 0x0000000770c80000, 0x00000007c0000000)
  eden space 65024K, 2% used [0x000000076b800000,0x000000076b9451f8,0x000000076f780000)
  from space 10752K, 0% used [0x0000000770200000,0x0000000770200000,0x0000000770c80000)
  to   space 10752K, 0% used [0x000000076f780000,0x000000076f780000,0x0000000770200000)
 ParOldGen       total 173568K, used 0K [0x00000006c2800000, 0x00000006cd180000, 0x000000076b800000)
  object space 173568K, 0% used [0x00000006c2800000,0x00000006c2800000,0x00000006cd180000)
 Metaspace       used 776K, capacity 4480K, committed 4480K, reserved 1056768K
  class space    used 76K, capacity 384K, committed 384K, reserved 1048576K

Card table byte_map: [0x0000000012460000,0x0000000012c50000] byte_map_base: 0x000000000ee4c000

Marking Bits: (ParMarkBitMap*) 0x000000007151af90
 Begin Bits: [0x00000000139a0000, 0x0000000017900000)
 End Bits:   [0x0000000017900000, 0x000000001b860000)

Polling page: 0x0000000002990000

CodeCache: size=245760Kb used=328Kb max_used=328Kb free=245431Kb
 bounds [0x00000000030a0000, 0x0000000003310000, 0x00000000120a0000]
 total_blobs=58 nmethods=0 adapters=38
 compilation: enabled

Compilation events (0 events):
No events

GC Heap History (0 events):
No events

Deoptimization events (0 events):
No events

Classes redefined (0 events):
No events

Internal exceptions (0 events):
No events

Events (10 events):
Event: 0.028 loading class java/lang/Short
Event: 0.028 loading class java/lang/Short done
Event: 0.028 loading class java/lang/Integer
Event: 0.028 loading class java/lang/Integer done
Event: 0.028 loading class java/lang/Long
Event: 0.028 loading class java/lang/Long done
Event: 0.029 loading class java/lang/NullPointerException
Event: 0.029 loading class java/lang/NullPointerException done
Event: 0.029 loading class java/lang/ArithmeticException
Event: 0.029 loading class java/lang/ArithmeticException done


Dynamic libraries:
0x00007ff79aa60000 - 0x00007ff79aa97000 	C:\Program Files\Java\jdk1.8.0_251\bin\java.exe
0x00007ffc175b0000 - 0x00007ffc177a6000 	C:\windows\SYSTEM32\ntdll.dll
0x00007ffc15610000 - 0x00007ffc156cd000 	C:\windows\System32\KERNEL32.DLL
0x00007ffc14cf0000 - 0x00007ffc14fb8000 	C:\windows\System32\KERNELBASE.dll
0x00007ffc167b0000 - 0x00007ffc1685c000 	C:\windows\System32\ADVAPI32.dll
0x00007ffc16950000 - 0x00007ffc169ee000 	C:\windows\System32\msvcrt.dll
0x00007ffc16c80000 - 0x00007ffc16d1b000 	C:\windows\System32\sechost.dll
0x00007ffc15eb0000 - 0x00007ffc15fd4000 	C:\windows\System32\RPCRT4.dll
0x00007ffc16120000 - 0x00007ffc162c0000 	C:\windows\System32\USER32.dll
0x00007ffc14fc0000 - 0x00007ffc14fe2000 	C:\windows\System32\win32u.dll
0x00007ffc15cd0000 - 0x00007ffc15cfa000 	C:\windows\System32\GDI32.dll
0x00007ffc15330000 - 0x00007ffc15439000 	C:\windows\System32\gdi32full.dll
0x00007ffc154c0000 - 0x00007ffc1555d000 	C:\windows\System32\msvcp_win.dll
0x00007ffc15150000 - 0x00007ffc15250000 	C:\windows\System32\ucrtbase.dll
0x00007ffbfbff0000 - 0x00007ffbfc28b000 	C:\windows\WinSxS\amd64_microsoft.windows.common-controls_6595b64144ccf1df_6.0.19041.488_none_ca04af081b815d21\COMCTL32.dll
0x00007ffc160f0000 - 0x00007ffc16120000 	C:\windows\System32\IMM32.DLL
0x00000000715a0000 - 0x0000000071672000 	C:\Program Files\Java\jdk1.8.0_251\jre\bin\msvcr100.dll
0x0000000070cf0000 - 0x000000007159b000 	C:\Program Files\Java\jdk1.8.0_251\jre\bin\server\jvm.dll
0x00007ffc16330000 - 0x00007ffc16338000 	C:\windows\System32\PSAPI.DLL
0x00007ffbf7e00000 - 0x00007ffbf7e27000 	C:\windows\SYSTEM32\WINMM.dll
0x00007ffc0f260000 - 0x00007ffc0f269000 	C:\windows\SYSTEM32\WSOCK32.dll
0x00007ffc0eb80000 - 0x00007ffc0eb8a000 	C:\windows\SYSTEM32\VERSION.dll
0x00007ffc17500000 - 0x00007ffc1756b000 	C:\windows\System32\WS2_32.dll
0x00007ffc12120000 - 0x00007ffc1212f000 	C:\Program Files\Java\jdk1.8.0_251\jre\bin\verify.dll
0x00007ffc12060000 - 0x00007ffc12089000 	C:\Program Files\Java\jdk1.8.0_251\jre\bin\java.dll
0x00007ffc12100000 - 0x00007ffc12116000 	C:\Program Files\Java\jdk1.8.0_251\jre\bin\zip.dll

VM Arguments:
jvm_args: -Dfile.encoding=UTF-8 -Duser.country=CN -Duser.language=zh -Duser.variant 
java_command: com.example.javalib.高频算法题.二分查找
java_class_path (initial): D:\InterviewStudy\javalib\build\classes\java\main;D:\InterviewStudy\javalib\build\resources\main;D:\InterviewStudy\kotlinLib\build\libs\kotlinLib.jar;C:\Users\Administrator\.gradle\caches\modules-2\files-2.1\org.jetbrains.kotlinx\kotlinx-coroutines-android\1.1.1\4e0f12f3ae5dd2d50741ad523b0970dc5b8ed783\kotlinx-coroutines-android-1.1.1.jar;C:\Users\Administrator\.gradle\caches\modules-2\files-2.1\org.jetbrains.kotlinx\kotlinx-coroutines-core\1.3.1\ebf2ed59e02d4a293c6d48502f8b4cd144c145\kotlinx-coroutines-core-1.3.1.jar;C:\Users\Administrator\.gradle\caches\modules-2\files-2.1\org.jetbrains.kotlin\kotlin-stdlib\1.3.72\8032138f12c0180bc4e51fe139d4c52b46db6109\kotlin-stdlib-1.3.72.jar;C:\Users\Administrator\.gradle\caches\modules-2\files-2.1\org.jetbrains.kotlin\kotlin-stdlib-common\1.3.72\6ca8bee3d88957eaaaef077c41c908c9940492d8\kotlin-stdlib-common-1.3.72.jar;C:\Users\Administrator\.gradle\caches\modules-2\files-2.1\org.jetbrains\annotations\13.0\919f0dfe192fb4e063e7dacadee7f8bb9a2672a9\annotations-13.0.jar
Launcher Type: SUN_STANDARD

Environment Variables:
JAVA_HOME=C:\Program Files\Java\jdk-15.0.1
CLASSPATH=.;C:\Program Files\Java\jdk-15.0.1\bin;C:\Program Files\Java\jdk-15.0.1\lib\dt.jar;C:\Program Files\Java\jdk-15.0.1\lib\tools.jar
PATH=C:\Program Files (x86)\Common Files\Oracle\Java\javapath;C:\Program Files\Common Files\Oracle\Java\javapath;C:\windows\system32;C:\windows;C:\windows\System32\Wbem;C:\windows\System32\WindowsPowerShell\v1.0\;C:\windows\System32\OpenSSH\;"C:\Program Files\Java\jdk-15.0.1\bin;C:\Program Files\Java\jdk-15.0.1\jre\bin";D:\AndroidSDK\platform-tools;C:\Program Files\Git\cmd;C:\Program Files\TortoiseSVN\bin;C:\Users\Administrator\AppData\Local\Microsoft\WindowsApps;;C:\Users\Administrator\AppData\Local\Programs\Fiddler
USERNAME=Administrator
OS=Windows_NT
PROCESSOR_IDENTIFIER=Intel64 Family 6 Model 142 Stepping 12, GenuineIntel



---------------  S Y S T E M  ---------------

OS: Windows 10.0 , 64 bit Build 19041 (10.0.19041.546)

CPU:total 8 (initial active 8) (4 cores per cpu, 2 threads per core) family 6 model 142 stepping 12, cmov, cx8, fxsr, mmx, sse, sse2, sse3, ssse3, sse4.1, sse4.2, popcnt, avx, avx2, aes, clmul, erms, 3dnowpref, lzcnt, ht, tsc, tscinvbit, bmi1, bmi2, adx

Memory: 4k page, physical 16610856k(709412k free), swap 34653732k(5664k free)

vm_info: Java HotSpot(TM) 64-Bit Server VM (25.251-b08) for windows-amd64 JRE (1.8.0_251-b08), built on Mar 12 2020 06:31:49 by "" with MS VC++ 10.0 (VS2010)

time: Thu Mar 18 19:28:17 2021
timezone: 中国标准时间
elapsed time: 0 seconds (0d 0h 0m 0s)

